<?xml version="1.0" encoding="UTF-8"?>
<testng-results ignored="0" total="1" passed="1" failed="0" skipped="0">
  <reporter-output>
  </reporter-output>
  <suite started-at="2024-04-23T19:02:11Z" name="Default suite" finished-at="2024-04-23T19:02:34Z" duration-ms="23212">
    <groups>
    </groups>
    <test started-at="2024-04-23T19:02:11Z" name="Default test" finished-at="2024-04-23T19:02:34Z" duration-ms="23212">
      <class name="pruebang.NewTest">
        <test-method signature="test01()[pri:0, instance:pruebang.NewTest@37e4d7bb]" started-at="2024-04-23T13:02:11Z" name="test01" finished-at="2024-04-23T13:02:34Z" duration-ms="23157" status="PASS">
          <reporter-output>
          </reporter-output>
        </test-method> <!-- test01 -->
      </class> <!-- pruebang.NewTest -->
    </test> <!-- Default test -->
  </suite> <!-- Default suite -->
</testng-results>
